2021-02-15 23:37:31 INFO  Main:9 - Hello
2021-02-16 00:29:40 INFO  Main:20 - 0
2021-02-16 08:04:06 INFO  Main:15 - Select all Tables...
2021-02-16 08:04:28 INFO  Main:15 - Select all Tables...
2021-02-16 08:06:13 INFO  Main:15 - Select all Tables...
2021-02-16 08:28:24 INFO  Main:23 - Admin{id=0, name='Durachok'}
2021-02-16 08:28:39 INFO  Main:23 - Admin{id=0, name='Durachok'}
2021-02-16 08:35:10 INFO  HiberMetadataProvider:18 - [Ljava.lang.String;@10272bbb
2021-02-16 08:35:32 INFO  HiberMetadataProvider:18 - [Ljava.lang.String;@80b122b
2021-02-16 08:37:01 INFO  HiberMetadataProvider:19 - name
2021-03-02 00:47:33 INFO  HiberMetadataProvider:31 - [[Ljava.lang.Object;@b791a81, [Ljava.lang.Object;@4391a2d8, [Ljava.lang.Object;@47b269c4, [Ljava.lang.Object;@71e7adbb, [Ljava.lang.Object;@32091c14]
2021-03-02 00:47:57 INFO  HiberMetadataProvider:31 - [[Ljava.lang.Object;@44b29496, [Ljava.lang.Object;@1947596f, [Ljava.lang.Object;@3078cac, [Ljava.lang.Object;@f6de586, [Ljava.lang.Object;@5f2bd6d9]
2021-03-02 00:48:15 INFO  HiberMetadataProvider:31 - [[Ljava.lang.Object;@10c72a6f, [Ljava.lang.Object;@70e94ecb, [Ljava.lang.Object;@56cfe111, [Ljava.lang.Object;@7e446d92, [Ljava.lang.Object;@57f9b467]
2021-03-02 00:48:36 INFO  HiberMetadataProvider:31 - 5
2021-03-02 00:48:36 INFO  HiberMetadataProvider:32 - [[Ljava.lang.Object;@3078cac, [Ljava.lang.Object;@f6de586, [Ljava.lang.Object;@5f2bd6d9, [Ljava.lang.Object;@7c847072, [Ljava.lang.Object;@43d9f1a2]
2021-03-02 00:48:46 INFO  HiberMetadataProvider:31 - 5
2021-03-02 00:48:46 INFO  HiberMetadataProvider:32 - [Ljava.lang.Object;@3078cac
2021-03-02 00:49:35 INFO  HiberMetadataProvider:31 - 5
2021-03-02 00:49:35 INFO  HiberMetadataProvider:32 - [Ljava.lang.Object;@3078cac
2021-03-02 00:53:17 INFO  HiberMetadataProvider:31 - 5
2021-03-02 00:53:17 INFO  HiberMetadataProvider:32 - [Ljava.lang.Object;@3078cac
2021-03-02 00:53:35 INFO  HiberMetadataProvider:31 - 5
2021-03-02 00:53:35 INFO  HiberMetadataProvider:32 - [Ljava.lang.Object;@3078cac
2021-03-02 00:54:16 INFO  HiberMetadataProvider:31 - 0
2021-03-02 00:54:16 INFO  HiberMetadataProvider:32 - []
2021-03-02 00:56:08 INFO  HiberMetadataProvider:31 - 0
2021-03-02 00:56:08 INFO  HiberMetadataProvider:32 - []
2021-03-02 00:56:20 INFO  HiberMetadataProvider:31 - 1
2021-03-02 00:56:20 INFO  HiberMetadataProvider:32 - [null]
2021-03-02 00:56:40 INFO  HiberMetadataProvider:31 - 1
2021-03-02 00:56:40 INFO  HiberMetadataProvider:32 - [0.02]
2021-03-02 00:57:08 INFO  HiberMetadataProvider:31 - 0.02
2021-03-02 00:57:36 INFO  HiberMetadataProvider:31 - 8.02
2021-03-02 00:57:56 INFO  HiberMetadataProvider:31 - 8.02
2021-03-02 00:58:45 INFO  HiberMetadataProvider:31 - DB size is 8.02 Mb
2021-03-02 01:00:08 INFO  HiberMetadataProvider:31 - DB size is 8.02 Mb
2021-03-02 01:00:49 INFO  HiberMetadataProvider:31 - DB size is 8.02 Mb
2021-03-02 01:01:12 INFO  HiberMetadataProvider:38 - Admin
2021-03-02 01:01:33 INFO  HiberMetadataProvider:38 - [Admin]
2021-03-02 01:01:58 INFO  HiberMetadataProvider:38 - [Admin]
2021-03-02 01:02:09 INFO  HiberMetadataProvider:31 - DB size is [8.02] Mb
2021-03-02 01:04:17 INFO  HiberMetadataProvider:38 - [Admin]
2021-03-02 01:04:17 INFO  HiberMetadataProvider:31 - DB size is 8.02 Mb
2021-03-02 01:14:22 INFO  HiberMetadataProvider:45 - [root, mysql.session, mysql.sys, root]
2021-03-02 01:18:15 INFO  HiberMetadataProvider:52 - 5.7.32
2021-03-02 01:19:36 INFO  HiberMetadataProvider:38 - Tables: [Admin]
2021-03-02 01:19:36 INFO  HiberMetadataProvider:31 - DB size is 8.02 Mb
2021-03-02 01:19:36 INFO  HiberMetadataProvider:52 - MySQL version: 5.7.32
2021-03-02 01:19:36 INFO  HiberMetadataProvider:45 - Users: [root, mysql.session, mysql.sys, root]
2021-03-02 01:20:46 INFO  HiberMetadataProvider:35 - Tables: [Admin]
2021-03-02 01:20:46 INFO  HiberMetadataProvider:28 - DB size is 8.02 Mb
2021-03-02 01:20:46 INFO  HiberMetadataProvider:49 - MySQL version: 5.7.32
2021-03-02 01:20:46 INFO  HiberMetadataProvider:42 - Users: [root, mysql.session, mysql.sys, root]
2021-03-02 01:47:17 INFO  HibernateEntityProvider:42 - []
2021-03-02 01:47:17 INFO  HibernateEntityProviderTest:28 - []
2021-03-02 01:47:26 INFO  HibernateEntityProviderTest:22 - Admin{id=0, name='Ivan'}
2021-03-02 01:47:45 INFO  HibernateEntityProviderTest:22 - Admin{id=1, name='Ivan'}
2021-03-02 01:47:52 INFO  HibernateEntityProvider:42 - []
2021-03-02 01:47:52 INFO  HibernateEntityProviderTest:28 - []
2021-03-02 01:49:37 INFO  HibernateEntityProvider:39 - []
2021-03-02 01:49:37 INFO  HibernateEntityProviderTest:28 - []
2021-03-02 01:51:16 INFO  HibernateEntityProviderTest:22 - Admin{id=1, name='Ivan'}
2021-03-02 01:51:37 INFO  HibernateEntityProvider:41 - []
2021-03-02 01:51:37 INFO  HibernateEntityProviderTest:28 - []
2021-03-02 01:55:49 INFO  HibernateEntityProviderTest:28 - []
2021-03-02 01:56:44 INFO  HibernateEntityProviderTest:22 - Admin{id=1, name='Ivan'}
2021-03-02 01:56:49 INFO  HibernateEntityProviderTest:22 - Admin{id=1, name='Ivan'}
2021-03-02 01:57:04 INFO  HibernateEntityProviderTest:22 - Admin{id=1, name='SSS'}
2021-03-02 01:58:08 INFO  HibernateEntityProviderTest:22 - Admin{id=2, name='SSS'}
2021-03-02 01:58:22 INFO  HibernateEntityProviderTest:28 - [Admin{id=1, name='SSS'}, Admin{id=2, name='SSS'}]
2021-03-02 01:58:46 ERROR HibernateEntityProvider:52 - Not found.
2021-03-02 01:58:46 INFO  HibernateEntityProviderTest:35 - Admin{id=0, name='null'}
2021-03-02 01:59:54 ERROR HibernateEntityProvider:52 - Not found.
2021-03-02 01:59:54 INFO  HibernateEntityProviderTest:35 - Admin{id=0, name='null'}
2021-03-02 02:01:40 ERROR HibernateEntityProvider:54 - Not found.
2021-03-02 02:01:40 INFO  HibernateEntityProviderTest:35 - Admin{id=0, name='null'}
2021-03-02 02:02:04 ERROR HibernateEntityProvider:54 - Not found.
2021-03-02 02:02:04 INFO  HibernateEntityProviderTest:35 - Admin{id=0, name='null'}
2021-03-02 02:02:30 ERROR HibernateEntityProvider:54 - Not found.
2021-03-02 02:02:30 INFO  HibernateEntityProviderTest:35 - Admin{id=0, name='null'}
2021-03-02 02:02:58 ERROR HibernateEntityProvider:54 - Not found.
2021-03-02 02:02:58 INFO  HibernateEntityProviderTest:35 - Admin{id=0, name='null'}
2021-03-02 02:05:22 INFO  HibernateEntityProviderTest:35 - Admin{id=1, name='SSS'}
2021-03-02 02:05:33 INFO  HibernateEntityProviderTest:35 - Admin{id=1, name='SSS'}
2021-03-02 02:05:45 INFO  HibernateEntityProviderTest:35 - Admin{id=2, name='SSS'}
2021-03-02 02:08:11 INFO  HibernateEntityProviderTest:37 - Admin{id=2, name='SSS'}
2021-03-02 02:08:49 INFO  HibernateEntityProviderTest:37 - Admin{id=2, name='SSS'}
2021-03-02 02:09:00 INFO  HibernateEntityProviderTest:29 - [Admin{id=1, name='SSS'}, Admin{id=2, name='SSS'}]
2021-03-02 02:09:27 ERROR HibernateEntityProvider:74 - java.lang.IllegalStateException: Transaction not successfully started
2021-03-02 08:22:02 INFO  HiberMetadataProvider:35 - Tables: [Admin]
2021-03-02 08:22:02 INFO  HiberMetadataProvider:28 - DB size is 8.02 Mb
2021-03-02 08:22:02 INFO  HiberMetadataProvider:49 - MySQL version: 5.7.32
2021-03-02 08:22:02 INFO  HiberMetadataProvider:42 - Users: [root, mysql.session, mysql.sys, root]
2021-03-02 08:22:18 ERROR HibernateEntityProvider:75 - javax.persistence.OptimisticLockException: Batch update returned unexpected row count from update [0]; actual row count: 0; expected: 1; statement executed: delete from Admin where id=?
2021-03-02 08:22:18 INFO  HibernateEntityProviderTest:24 - Admin{id=3, name='SSS'}
2021-03-02 08:22:18 INFO  HibernateEntityProviderTest:38 - Admin{id=2, name='Vasily'}
2021-03-02 08:22:18 INFO  HibernateEntityProviderTest:30 - [Admin{id=2, name='Vasily'}, Admin{id=3, name='SSS'}]
2021-03-02 08:26:00 INFO  HiberMetadataProvider:35 - Tables: [Admin]
2021-03-02 08:26:00 INFO  HiberMetadataProvider:28 - DB size is 8.02 Mb
2021-03-02 08:26:00 INFO  HiberMetadataProvider:49 - MySQL version: 5.7.32
2021-03-02 08:26:00 INFO  HiberMetadataProvider:42 - Users: [root, mysql.session, mysql.sys, root]
2021-03-02 08:38:56 INFO  HibernateEntityProviderTest:29 - Admin{id=4, name='Anatoliy', address='Address{streetName='Big Sadovaya', city='Rostov-on-Don'}'}
2021-03-02 08:40:51 INFO  HibernateEntityProvider:42 - 123
2021-03-02 08:41:54 INFO  HibernateEntityProviderTest:43 - Admin{id=4, name='Anatoliy', address='Address{streetName='Big Sadovaya', city='Rostov-on-Don'}'}
2021-03-02 08:42:57 ERROR HibernateEntityProvider:48 - java.lang.IllegalStateException: Transaction not successfully started
2021-03-02 08:42:57 INFO  HibernateEntityProviderTest:35 - null
2021-03-02 08:47:03 INFO  HibernateEntityProvider:44 - from Admin
2021-03-02 08:47:18 INFO  HibernateEntityProvider:44 - FROM Admin
2021-03-02 08:51:02 ERROR HibernateEntityProvider:48 - java.lang.IllegalStateException: Transaction not successfully started
2021-03-02 08:51:02 INFO  HibernateEntityProviderTest:35 - null
2021-03-02 08:51:17 ERROR HibernateEntityProvider:48 - java.lang.IllegalStateException: Transaction not successfully started
2021-03-02 08:51:17 INFO  HibernateEntityProviderTest:35 - null
2021-03-02 08:54:04 INFO  HibernateEntityProvider:45 - 3
2021-03-02 08:54:19 INFO  HibernateEntityProvider:45 - 3
2021-03-02 08:54:53 INFO  HibernateEntityProvider:45 - 3
2021-03-02 08:54:53 INFO  HibernateEntityProviderTest:35 - [Admin{id=2, name='Vasily', address='null'}, Admin{id=3, name='SSS', address='null'}, Admin{id=4, name='Anatoliy', address='Address{streetName='Big Sadovaya', city='Rostov-on-Don'}'}]
2021-03-02 08:55:21 INFO  HibernateEntityProviderTest:35 - [Admin{id=2, name='Vasily', address='null'}, Admin{id=3, name='SSS', address='null'}, Admin{id=4, name='Anatoliy', address='Address{streetName='Big Sadovaya', city='Rostov-on-Don'}'}]
2021-03-02 09:12:25 INFO  HibernateEntityProviderTest:35 - [Admin{id=2, name='Vasily', address='null'}, Admin{id=3, name='Vasily', address='Address{streetName='Orbitalnaya', city='Rostov-on-Don'}'}, Admin{id=4, name='Anatoliy', address='Address{streetName='Big Sadovaya', city='Rostov-on-Don'}'}]
2021-03-02 22:24:33 INFO  HibernateEntityProviderTest:23 - Admin{age=0}
2021-03-02 22:25:10 INFO  HibernateEntityProviderTest:23 - Admin{age=0}
2021-03-02 22:25:53 INFO  HibernateEntityProviderTest:24 - Admin{age=38}
2021-03-02 22:26:29 INFO  HibernateEntityProviderTest:24 - Admin{age=38}
2021-03-02 22:32:55 INFO  HibernateEntityProviderTest:24 - Admin{age=38}
2021-03-02 22:33:31 INFO  HibernateEntityProviderTest:24 - Admin{age=38}
2021-03-02 22:33:45 INFO  HibernateEntityProviderTest:24 - Admin{age=38}
2021-03-02 22:34:26 INFO  HibernateEntityProviderTest:23 - Admin{age=38}
2021-03-02 22:36:35 INFO  HibernateEntityProviderTest:23 - Admin{age=38}
2021-03-02 22:37:16 INFO  HibernateEntityProviderTest:24 - Admin{age=38}
2021-03-02 22:39:54 INFO  HibernateEntityProviderTest:25 - Admin{age=38}
2021-03-02 22:49:31 INFO  HibernateEntityProviderTest:30 - []
2021-03-02 22:49:58 INFO  HibernateEntityProviderTest:31 - [Admin{age=38}]
2021-03-02 22:50:59 INFO  HibernateEntityProviderTest:31 - [Admin{ru.sfedu.Sync_Hiber.lr3.singleTable.models.Admin@10a18e3eage=38}]
2021-03-02 22:52:34 INFO  HibernateEntityProviderTest:31 - [Admin{User{id=1, name='Anatoliy'}age=38}]
2021-03-02 22:55:07 INFO  HibernateEntityProviderTest:25 - Admin{User{id=1, name='Anatoliy'}age=38}
2021-03-09 00:33:58 INFO  HibernateEntityProviderTest:23 - Admin{User{id=2, name='Anatoliy'}age=38}
2021-03-09 00:35:14 INFO  HibernateEntityProviderTest:28 - [Admin{User{id=1, name='Anatoliy'}age=38}, Admin{User{id=2, name='Anatoliy'}age=38}]
2021-03-09 01:10:37 ERROR HibernateEntityProvider:45 - java.lang.IllegalStateException: Transaction not successfully started
2021-03-09 01:10:37 INFO  HibernateEntityProviderTest:33 - null
2021-03-09 01:11:44 INFO  HibernateEntityProviderTest:33 - 123
2021-03-09 01:13:24 DEBUG HibernateEntityProvider:39 - FROM Channel
2021-03-09 01:24:17 INFO  HibernateEntityProvider:41 - [Channel{id=1, name='Discovery', language='Russian', status=false, speakers=[Vitaly, Denis]}, Channel{id=2, name='Discovery', language='Russian', status=true, speakers=[Vitaly, Denis]}, Channel{id=3, name='Discovery', language='Russian', status=true, speakers=[Vitaly, Denis]}, Channel{id=4, name='Discovery', language='Russian', status=true, speakers=[Vitaly, Denis]}, Channel{id=5, name='Discovery', language='Russian', status=true, speakers=[Vitaly, Denis]}]
2021-03-09 01:24:17 INFO  HibernateEntityProviderTest:33 - [Channel{id=1, name='Discovery', language='Russian', status=false, speakers=[Vitaly, Denis]}, Channel{id=2, name='Discovery', language='Russian', status=true, speakers=[Vitaly, Denis]}, Channel{id=3, name='Discovery', language='Russian', status=true, speakers=[Vitaly, Denis]}, Channel{id=4, name='Discovery', language='Russian', status=true, speakers=[Vitaly, Denis]}, Channel{id=5, name='Discovery', language='Russian', status=true, speakers=[Vitaly, Denis]}]
2021-03-09 01:27:19 DEBUG HibernateEntityProvider:42 - [Channel{id=1, name='Discovery', language='Russian', status=false, speakers=[Vitaly, Denis]}, Channel{id=2, name='Discovery', language='Russian', status=true, speakers=[Vitaly, Denis]}, Channel{id=3, name='Discovery', language='Russian', status=true, speakers=[Vitaly, Denis]}, Channel{id=4, name='Discovery', language='Russian', status=true, speakers=[Vitaly, Denis]}, Channel{id=5, name='Discovery', language='Russian', status=true, speakers=[Vitaly, Denis]}]
2021-03-09 01:27:19 INFO  HibernateEntityProviderTest:33 - [Channel{id=1, name='Discovery', language='Russian', status=false, speakers=[Vitaly, Denis]}, Channel{id=2, name='Discovery', language='Russian', status=true, speakers=[Vitaly, Denis]}, Channel{id=3, name='Discovery', language='Russian', status=true, speakers=[Vitaly, Denis]}, Channel{id=4, name='Discovery', language='Russian', status=true, speakers=[Vitaly, Denis]}, Channel{id=5, name='Discovery', language='Russian', status=true, speakers=[Vitaly, Denis]}]
2021-03-09 01:29:03 DEBUG HibernateEntityProvider:56 - Channel{id=1, name='Discovery', language='Russian', status=false, speakers=[Vitaly, Denis]}
2021-03-09 01:29:03 INFO  HibernateEntityProviderTest:40 - Channel{id=1, name='Discovery', language='Russian', status=false, speakers=[Vitaly, Denis]}
2021-03-09 01:29:31 DEBUG HibernateEntityProvider:42 - [Channel{id=1, name='Discovery', language='Russian', status=false, speakers=[Vitaly, Denis]
}, Channel{id=2, name='Discovery', language='Russian', status=true, speakers=[Vitaly, Denis]
}, Channel{id=3, name='Discovery', language='Russian', status=true, speakers=[Vitaly, Denis]
}, Channel{id=4, name='Discovery', language='Russian', status=true, speakers=[Vitaly, Denis]
}, Channel{id=5, name='Discovery', language='Russian', status=true, speakers=[Vitaly, Denis]
}]
2021-03-09 01:29:31 INFO  HibernateEntityProviderTest:33 - [Channel{id=1, name='Discovery', language='Russian', status=false, speakers=[Vitaly, Denis]
}, Channel{id=2, name='Discovery', language='Russian', status=true, speakers=[Vitaly, Denis]
}, Channel{id=3, name='Discovery', language='Russian', status=true, speakers=[Vitaly, Denis]
}, Channel{id=4, name='Discovery', language='Russian', status=true, speakers=[Vitaly, Denis]
}, Channel{id=5, name='Discovery', language='Russian', status=true, speakers=[Vitaly, Denis]
}]
2021-03-09 01:29:51 DEBUG HibernateEntityProvider:42 - [
Channel{id=1, name='Discovery', language='Russian', status=false, speakers=[Vitaly, Denis]}, 
Channel{id=2, name='Discovery', language='Russian', status=true, speakers=[Vitaly, Denis]}, 
Channel{id=3, name='Discovery', language='Russian', status=true, speakers=[Vitaly, Denis]}, 
Channel{id=4, name='Discovery', language='Russian', status=true, speakers=[Vitaly, Denis]}, 
Channel{id=5, name='Discovery', language='Russian', status=true, speakers=[Vitaly, Denis]}]
2021-03-09 01:29:51 INFO  HibernateEntityProviderTest:33 - [
Channel{id=1, name='Discovery', language='Russian', status=false, speakers=[Vitaly, Denis]}, 
Channel{id=2, name='Discovery', language='Russian', status=true, speakers=[Vitaly, Denis]}, 
Channel{id=3, name='Discovery', language='Russian', status=true, speakers=[Vitaly, Denis]}, 
Channel{id=4, name='Discovery', language='Russian', status=true, speakers=[Vitaly, Denis]}, 
Channel{id=5, name='Discovery', language='Russian', status=true, speakers=[Vitaly, Denis]}]
2021-03-09 01:33:31 DEBUG HibernateEntityProvider:42 - [
Channel{id=1, name='Discovery', language='Russian', status=false, speakers=[Vitaly, Denis]}, 
Channel{id=2, name='Discovery', language='Russian', status=true, speakers=[Vitaly, Denis]}, 
Channel{id=3, name='Discovery', language='Russian', status=true, speakers=[Vitaly, Denis]}, 
Channel{id=4, name='Discovery', language='Russian', status=true, speakers=[Vitaly, Denis]}, 
Channel{id=5, name='Discovery', language='Russian', status=true, speakers=[Vitaly, Denis]}]
2021-03-09 01:33:31 INFO  HibernateEntityProviderTest:33 - [
Channel{id=1, name='Discovery', language='Russian', status=false, speakers=[Vitaly, Denis]}, 
Channel{id=2, name='Discovery', language='Russian', status=true, speakers=[Vitaly, Denis]}, 
Channel{id=3, name='Discovery', language='Russian', status=true, speakers=[Vitaly, Denis]}, 
Channel{id=4, name='Discovery', language='Russian', status=true, speakers=[Vitaly, Denis]}, 
Channel{id=5, name='Discovery', language='Russian', status=true, speakers=[Vitaly, Denis]}]
2021-03-09 01:33:51 DEBUG HibernateEntityProvider:56 - 
Channel{id=1, name='Discovery', language='Russian', status=false, speakers=[Vitaly, Denis]}
2021-03-09 01:33:51 INFO  HibernateEntityProviderTest:40 - 
Channel{id=1, name='Discovery', language='Russian', status=false, speakers=[Vitaly, Denis]}
2021-03-09 01:34:35 INFO  HibernateEntityProviderTest:47 - true
2021-03-09 01:35:55 DEBUG HibernateEntityProvider:56 - 
Channel{id=3, name='Discovery', language='Russian', status=true, speakers=[Vitaly, Denis]}
2021-03-09 01:35:55 INFO  HibernateEntityProviderTest:56 - 
Channel{id=3, name='RenTV', language='Russian', status=true, speakers=[Vitaly, Denis]}
2021-03-09 02:26:30 DEBUG HibernateEntityProvider:51 - []
2021-03-09 02:26:30 INFO  HibernateEntityProviderTest:34 - []
2021-03-09 02:30:12 DEBUG HibernateEntityProvider:51 - [
Channel{id=1, name='Discovery', language='Russian', status=true, speaker=Speaker{id=1, name='Vitaly'}}]
2021-03-09 02:30:12 INFO  HibernateEntityProviderTest:36 - [
Channel{id=1, name='Discovery', language='Russian', status=true, speaker=Speaker{id=1, name='Vitaly'}}]
2021-03-09 02:31:19 DEBUG HibernateEntityProvider:65 - 
Channel{id=1, name='Discovery', language='Russian', status=true, speaker=Speaker{id=1, name='Vitaly'}}
2021-03-09 02:31:19 INFO  HibernateEntityProviderTest:43 - 
Channel{id=1, name='Discovery', language='Russian', status=true, speaker=Speaker{id=1, name='Vitaly'}}
2021-03-09 02:31:40 DEBUG HibernateEntityProvider:51 - [
Channel{id=1, name='Discovery', language='Russian', status=true, speaker=Speaker{id=1, name='Vitaly'}}, 
Channel{id=2, name='Discovery', language='Russian', status=true, speaker=Speaker{id=2, name='Vitaly'}}]
2021-03-09 02:31:40 INFO  HibernateEntityProviderTest:35 - [
Channel{id=1, name='Discovery', language='Russian', status=true, speaker=Speaker{id=1, name='Vitaly'}}, 
Channel{id=2, name='Discovery', language='Russian', status=true, speaker=Speaker{id=2, name='Vitaly'}}]
2021-03-09 02:37:45 DEBUG HibernateEntityProvider:51 - [
Channel{id=1, name='Discovery', language='Russian', status=true}]
2021-03-09 02:37:45 INFO  HibernateEntityProviderTest:34 - [
Channel{id=1, name='Discovery', language='Russian', status=true}]
2021-03-09 02:38:44 DEBUG HibernateEntityProvider:51 - [
Channel{id=1, name='Discovery', language='Russian', status=true, speaker=Speaker{id=1, name='Vitaly'}}]
2021-03-09 02:38:44 INFO  HibernateEntityProviderTest:34 - [
Channel{id=1, name='Discovery', language='Russian', status=true, speaker=Speaker{id=1, name='Vitaly'}}]
2021-03-09 02:39:42 DEBUG HibernateEntityProvider:51 - [
Channel{id=1, name='Discovery', language='Russian', status=true, speaker=Speaker{id=1, name='Vitaly'}}]
2021-03-09 02:39:42 INFO  HibernateEntityProviderTest:34 - [
Channel{id=1, name='Discovery', language='Russian', status=true, speaker=Speaker{id=1, name='Vitaly'}}]
2021-03-09 02:40:55 DEBUG HibernateEntityProvider:51 - [
Channel{id=1, name='Discovery', language='Russian', status=true, speaker=Speaker{id=1, name='Vitaly'}}, 
Channel{id=2, name='Discovery', language='Russian', status=true, speaker=Speaker{id=1, name='Vitaly'}}]
2021-03-09 02:40:55 INFO  HibernateEntityProviderTest:34 - [
Channel{id=1, name='Discovery', language='Russian', status=true, speaker=Speaker{id=1, name='Vitaly'}}, 
Channel{id=2, name='Discovery', language='Russian', status=true, speaker=Speaker{id=1, name='Vitaly'}}]
2021-03-09 08:08:42 DEBUG HibernateEntityProvider:42 - [
Channel{id=1, name='Discovery', language='[English, Russian]', status=true, speakers=[Vitaly, Denis]}]
2021-03-09 08:08:42 INFO  HibernateEntityProviderTest:37 - [
Channel{id=1, name='Discovery', language='[English, Russian]', status=true, speakers=[Vitaly, Denis]}]
2021-03-09 08:17:42 DEBUG HibernateEntityProvider:42 - [Channel{id=1, name='Discovery', language=[English, Russian], status=true, speakers=[Vitaly, Denis], features={}}, Channel{id=2, name='Discovery', language=[English, Russian], status=true, speakers=[Vitaly, Denis], features={Drinks=Yes, Food=Yes}}]
2021-03-09 08:17:42 INFO  HibernateEntityProviderTest:38 - [Channel{id=1, name='Discovery', language=[English, Russian], status=true, speakers=[Vitaly, Denis], features={}}, Channel{id=2, name='Discovery', language=[English, Russian], status=true, speakers=[Vitaly, Denis], features={Drinks=Yes, Food=Yes}}]
2021-03-09 08:25:52 INFO  HibernateEntityProviderTest:22 - Admin{User{id=1, name='Anatoliy'}age=38}
2021-03-09 08:26:37 INFO  HibernateEntityProviderTest:23 - Admin{User{id=1, name='Anatoliy'}age=38}
2021-03-09 08:27:55 INFO  HibernateEntityProviderTest:25 - Admin{User{id=1, name='Anatoliy'}age=38}
2021-03-09 08:28:44 INFO  HibernateEntityProviderTest:24 - Admin{User{id=1, name='Anatoliy'}age=38}
